============================= test session starts =============================
platform win32 -- Python 3.12.10, pytest-8.3.5, pluggy-1.5.0 -- D:\git\kaspersky-config-test\venv\Scripts\python.exe
cachedir: .pytest_cache
rootdir: D:\git\kaspersky-config-test
configfile: pytest.ini
plugins: cov-6.1.1, xdist-3.6.1
created: 12/12 workers
12 workers [117 items]

scheduling tests via LoadScheduling

tests/test_config.py::test_parameter[config_with_expected0-is_valid_MachineId] 
tests/test_config.py::test_parameter[config_with_expected3-is_valid_MachineId] 
tests/test_config.py::test_parameter[config_with_expected0-is_valid_ConnectTimeout] 
tests/test_config.py::test_parameter[config_with_expected2-is_valid_MachineId] 
tests/test_config.py::test_parameter[config_with_expected1-is_valid_MaxMemory] 
tests/test_config.py::test_init_file_not_found 
tests/test_config.py::test_parameter[config_with_expected0-is_valid_MaxMemory] 
tests/test_config.py::test_parameter[config_with_expected2-is_valid_ConnectTimeout] 
tests/test_config.py::test_parameter[config_with_expected2-is_valid_MaxMemory] 
tests/test_config.py::test_parameter[config_with_expected1-is_valid_ConnectTimeout] 
tests/test_config.py::test_parameter[config_with_expected1-is_valid_MachineId] 
tests/test_config.py::test_get_invalid_parameter 
[gw11] [  0%] PASSED tests/test_config.py::test_parameter[config_with_expected3-is_valid_MachineId] 
[gw2] [  1%] PASSED tests/test_config.py::test_parameter[config_with_expected0-is_valid_MachineId] 
[gw3] [  2%] PASSED tests/test_config.py::test_parameter[config_with_expected0-is_valid_ConnectTimeout] 
tests/test_config.py::test_parameter[config_with_expected3-is_valid_locale] 
[gw7] [  3%] PASSED tests/test_config.py::test_parameter[config_with_expected1-is_valid_MaxMemory] 
[gw8] [  4%] PASSED tests/test_config.py::test_parameter[config_with_expected2-is_valid_MachineId] 
[gw6] [  5%] PASSED tests/test_config.py::test_parameter[config_with_expected1-is_valid_ConnectTimeout] 
tests/test_config.py::test_parameter[config_with_expected0-is_valid_locale] 
[gw0] [  5%] PASSED tests/test_config.py::test_init_file_not_found 
[gw4] [  6%] PASSED tests/test_config.py::test_parameter[config_with_expected0-is_valid_MaxMemory] 
[gw9] [  7%] PASSED tests/test_config.py::test_parameter[config_with_expected2-is_valid_ConnectTimeout] 
[gw11] [  8%] PASSED tests/test_config.py::test_parameter[config_with_expected3-is_valid_locale] 
[gw10] [  9%] PASSED tests/test_config.py::test_parameter[config_with_expected2-is_valid_MaxMemory] 
tests/test_config.py::test_parameter[config_with_expected0-is_valid_MaxVirtualMemory] 
tests/test_config.py::test_parameter[config_with_expected2-is_valid_CoreDumpsPath] 
tests/test_config.py::test_parameter[config_with_expected3-is_valid_ConnectTimeout] 
tests/test_config.py::test_parameter[config_with_expected2-is_valid_locale] 
[gw1] [ 10%] PASSED tests/test_config.py::test_get_invalid_parameter 
[gw2] [ 11%] PASSED tests/test_config.py::test_parameter[config_with_expected0-is_valid_locale] 
tests/test_config.py::test_parameter[config_with_expected3-is_valid_MaxMemory] 
[gw5] [ 11%] PASSED tests/test_config.py::test_parameter[config_with_expected1-is_valid_MachineId] 
[gw3] [ 12%] PASSED tests/test_config.py::test_parameter[config_with_expected0-is_valid_MaxVirtualMemory] 
tests/test_config.py::test_parameter[config_with_expected4-is_valid_MachineId] 
[gw2] [ 13%] PASSED tests/test_config.py::test_parameter[config_with_expected3-is_valid_MaxMemory] 
[gw7] [ 14%] PASSED tests/test_config.py::test_parameter[config_with_expected2-is_valid_CoreDumpsPath] 
tests/test_config.py::test_parameter[config_with_expected4-is_valid_ConnectTimeout] 
tests/test_config.py::test_parameter[config_with_expected1-is_valid_MaxVirtualMemory] 
tests/test_config.py::test_parameter[config_with_expected3-is_valid_CoreDumpsPath] 
tests/test_config.py::test_parameter[config_with_expected1-is_valid_CoreDumpsPath] 
tests/test_config.py::test_parameter[config_with_expected0-is_valid_CoreDumpsPath] 
[gw3] [ 15%] PASSED tests/test_config.py::test_parameter[config_with_expected4-is_valid_MachineId] 
[gw7] [ 16%] PASSED tests/test_config.py::test_parameter[config_with_expected4-is_valid_ConnectTimeout] 
[gw11] [ 17%] PASSED tests/test_config.py::test_parameter[config_with_expected3-is_valid_ConnectTimeout] 
tests/test_config.py::test_get_invalid_section 
[gw10] [ 17%] PASSED tests/test_config.py::test_parameter[config_with_expected3-is_valid_CoreDumpsPath] 
tests/test_config.py::test_parameter[config_with_expected2-is_valid_MaxVirtualMemory] 
[gw8] [ 18%] PASSED tests/test_config.py::test_parameter[config_with_expected2-is_valid_locale] 
tests/test_config.py::test_parameter[config_with_expected4-is_valid_MaxMemory] 
tests/test_config.py::test_parameter[config_with_expected5-is_valid_ConnectTimeout] 
[gw9] [ 19%] PASSED tests/test_config.py::test_parameter[config_with_expected2-is_valid_MaxVirtualMemory] 
[gw6] [ 20%] PASSED tests/test_config.py::test_parameter[config_with_expected1-is_valid_MaxVirtualMemory] 
tests/test_config.py::test_parameter[config_with_expected5-is_valid_MachineId] 
tests/test_config.py::test_boolean_parameter[config_with_expected0-General-UseFanotify-valid_values3] 
[gw8] [ 21%] PASSED tests/test_config.py::test_parameter[config_with_expected4-is_valid_MaxMemory] 
[gw4] [ 22%] PASSED tests/test_config.py::test_parameter[config_with_expected1-is_valid_CoreDumpsPath] 
tests/test_config.py::test_parameter[config_with_expected5-is_valid_MaxMemory] 
[gw4] [ 23%] PASSED tests/test_config.py::test_parameter[config_with_expected5-is_valid_MaxMemory] 
[gw0] [ 23%] PASSED tests/test_config.py::test_get_invalid_section 
tests/test_config.py::test_boolean_parameter[config_with_expected0-General-CoreDumps-valid_values1] 
[gw6] [ 24%] PASSED tests/test_config.py::test_parameter[config_with_expected5-is_valid_MachineId] 
[gw10] [ 25%] PASSED tests/test_config.py::test_parameter[config_with_expected5-is_valid_ConnectTimeout] 
[gw9] [ 26%] PASSED tests/test_config.py::test_boolean_parameter[config_with_expected0-General-UseFanotify-valid_values3] 
[gw0] [ 27%] PASSED tests/test_config.py::test_boolean_parameter[config_with_expected0-General-CoreDumps-valid_values1] 
tests/test_config.py::test_parameter[config_with_expected1-is_valid_locale] 
tests/test_config.py::test_parameter[config_with_expected4-is_valid_CoreDumpsPath] 
tests/test_config.py::test_parameter[config_with_expected3-is_valid_MaxVirtualMemory] 
tests/test_config.py::test_parameter[config_with_expected4-is_valid_locale] 
[gw5] [ 28%] PASSED tests/test_config.py::test_parameter[config_with_expected1-is_valid_locale] 
tests/test_config.py::test_parameter[config_with_expected4-is_valid_MaxVirtualMemory] 
tests/test_config.py::test_parameter[config_with_expected5-is_valid_CoreDumpsPath] 
[gw2] [ 29%] PASSED tests/test_config.py::test_parameter[config_with_expected4-is_valid_CoreDumpsPath] 
[gw11] [ 29%] PASSED tests/test_config.py::test_parameter[config_with_expected3-is_valid_MaxVirtualMemory] 
[gw7] [ 30%] PASSED tests/test_config.py::test_parameter[config_with_expected4-is_valid_MaxVirtualMemory] 
[gw3] [ 31%] PASSED tests/test_config.py::test_parameter[config_with_expected4-is_valid_locale] 
[gw8] [ 32%] PASSED tests/test_config.py::test_parameter[config_with_expected5-is_valid_CoreDumpsPath] 
tests/test_config.py::test_boolean_parameter[config_with_expected0-General-KsvlaMode-valid_values4] 
tests/test_config.py::test_parameter[config_with_expected5-is_valid_MaxVirtualMemory] 
tests/test_config.py::test_parameter[config_with_expected5-is_valid_locale] 
tests/test_config.py::test_boolean_parameter[config_with_expected0-General-RevealSensitiveInfoInTraces-valid_values2] 
tests/test_config.py::test_boolean_parameter[config_with_expected0-General-AdditionalDNSLookup-valid_values0] 
[gw6] [ 33%] PASSED tests/test_config.py::test_parameter[config_with_expected5-is_valid_locale] 
[gw1] [ 34%] FAILED tests/test_config.py::test_parameter[config_with_expected0-is_valid_CoreDumpsPath] 
[gw10] [ 35%] PASSED tests/test_config.py::test_parameter[config_with_expected5-is_valid_MaxVirtualMemory] 
[gw0] [ 35%] PASSED tests/test_config.py::test_boolean_parameter[config_with_expected0-General-RevealSensitiveInfoInTraces-valid_values2] 
tests/test_config.py::test_boolean_parameter[config_with_expected0-General-StartupTraces-valid_values5] 
tests/test_config.py::test_boolean_parameter[config_with_expected1-General-RevealSensitiveInfoInTraces-valid_values2] 
[gw4] [ 36%] PASSED tests/test_config.py::test_boolean_parameter[config_with_expected0-General-AdditionalDNSLookup-valid_values0] 
tests/test_config.py::test_boolean_parameter[config_with_expected1-General-AdditionalDNSLookup-valid_values0] 
[gw9] [ 37%] PASSED tests/test_config.py::test_boolean_parameter[config_with_expected0-General-KsvlaMode-valid_values4] 
[gw5] [ 38%] PASSED tests/test_config.py::test_boolean_parameter[config_with_expected1-General-AdditionalDNSLookup-valid_values0] 
[gw11] [ 39%] PASSED tests/test_config.py::test_boolean_parameter[config_with_expected1-General-RevealSensitiveInfoInTraces-valid_values2] 
[gw1] [ 40%] PASSED tests/test_config.py::test_boolean_parameter[config_with_expected0-General-StartupTraces-valid_values5] 
tests/test_config.py::test_boolean_parameter[config_with_expected1-General-StartupTraces-valid_values5] 
tests/test_config.py::test_boolean_parameter[config_with_expected1-General-UseFanotify-valid_values3] 
tests/test_config.py::test_boolean_parameter[config_with_expected1-General-CoreDumps-valid_values1] 
tests/test_config.py::test_boolean_parameter[config_with_expected1-General-KsvlaMode-valid_values4] 
tests/test_config.py::test_boolean_parameter[config_with_expected2-General-AdditionalDNSLookup-valid_values0] 
tests/test_config.py::test_boolean_parameter[config_with_expected2-General-UseFanotify-valid_values3] 
[gw8] [ 41%] PASSED tests/test_config.py::test_boolean_parameter[config_with_expected1-General-StartupTraces-valid_values5] 
tests/test_config.py::test_boolean_parameter[config_with_expected1-General-PackageType-valid_values6] 
[gw3] [ 41%] PASSED tests/test_config.py::test_boolean_parameter[config_with_expected1-General-UseFanotify-valid_values3] 
tests/test_config.py::test_boolean_parameter[config_with_expected2-General-RevealSensitiveInfoInTraces-valid_values2] 
[gw7] [ 42%] PASSED tests/test_config.py::test_boolean_parameter[config_with_expected1-General-KsvlaMode-valid_values4] 
[gw10] [ 43%] PASSED tests/test_config.py::test_boolean_parameter[config_with_expected2-General-AdditionalDNSLookup-valid_values0] 
[gw0] [ 44%] PASSED tests/test_config.py::test_boolean_parameter[config_with_expected2-General-UseFanotify-valid_values3] 
tests/test_config.py::test_boolean_parameter[config_with_expected2-General-KsvlaMode-valid_values4] 
tests/test_config.py::test_boolean_parameter[config_with_expected2-General-StartupTraces-valid_values5] 
tests/test_config.py::test_boolean_parameter[config_with_expected0-General-PackageType-valid_values6] 
[gw6] [ 45%] PASSED tests/test_config.py::test_boolean_parameter[config_with_expected1-General-PackageType-valid_values6] 
tests/test_config.py::test_boolean_parameter[config_with_expected2-General-PackageType-valid_values6] 
tests/test_config.py::test_boolean_parameter[config_with_expected2-General-CoreDumps-valid_values1] 
[gw4] [ 46%] PASSED tests/test_config.py::test_boolean_parameter[config_with_expected2-General-RevealSensitiveInfoInTraces-valid_values2] 
[gw1] [ 47%] PASSED tests/test_config.py::test_boolean_parameter[config_with_expected0-General-PackageType-valid_values6] 
[gw2] [ 47%] PASSED tests/test_config.py::test_boolean_parameter[config_with_expected1-General-CoreDumps-valid_values1] 
tests/test_config.py::test_boolean_parameter[config_with_expected3-General-UseFanotify-valid_values3] 
tests/test_config.py::test_boolean_parameter[config_with_expected3-General-KsvlaMode-valid_values4] 
[gw5] [ 48%] PASSED tests/test_config.py::test_boolean_parameter[config_with_expected2-General-KsvlaMode-valid_values4] 
[gw9] [ 49%] PASSED tests/test_config.py::test_boolean_parameter[config_with_expected2-General-CoreDumps-valid_values1] 
tests/test_config.py::test_boolean_parameter[config_with_expected3-General-AdditionalDNSLookup-valid_values0] 
[gw11] [ 50%] PASSED tests/test_config.py::test_boolean_parameter[config_with_expected2-General-StartupTraces-valid_values5] 
[gw8] [ 51%] PASSED tests/test_config.py::test_boolean_parameter[config_with_expected2-General-PackageType-valid_values6] 
tests/test_config.py::test_boolean_parameter[config_with_expected3-General-RevealSensitiveInfoInTraces-valid_values2] 
tests/test_config.py::test_boolean_parameter[config_with_expected3-General-StartupTraces-valid_values5] 
[gw3] [ 52%] PASSED tests/test_config.py::test_boolean_parameter[config_with_expected3-General-AdditionalDNSLookup-valid_values0] 
[gw10] [ 52%] PASSED tests/test_config.py::test_boolean_parameter[config_with_expected3-General-UseFanotify-valid_values3] 
[gw0] [ 53%] PASSED tests/test_config.py::test_boolean_parameter[config_with_expected3-General-KsvlaMode-valid_values4] 
[gw7] [ 54%] PASSED tests/test_config.py::test_boolean_parameter[config_with_expected3-General-RevealSensitiveInfoInTraces-valid_values2] 
tests/test_config.py::test_boolean_parameter[config_with_expected3-General-PackageType-valid_values6] 
[gw6] [ 55%] PASSED tests/test_config.py::test_boolean_parameter[config_with_expected3-General-StartupTraces-valid_values5] 
tests/test_config.py::test_boolean_parameter[config_with_expected3-General-CoreDumps-valid_values1] 
[gw4] [ 56%] PASSED tests/test_config.py::test_boolean_parameter[config_with_expected3-General-PackageType-valid_values6] 
tests/test_config.py::test_boolean_parameter[config_with_expected4-General-AdditionalDNSLookup-valid_values0] 
tests/test_config.py::test_boolean_parameter[config_with_expected4-General-CoreDumps-valid_values1] 
tests/test_config.py::test_boolean_parameter[config_with_expected4-General-RevealSensitiveInfoInTraces-valid_values2] 
tests/test_config.py::test_boolean_parameter[config_with_expected4-General-UseFanotify-valid_values3] 
tests/test_config.py::test_boolean_parameter[config_with_expected4-General-KsvlaMode-valid_values4] 
tests/test_config.py::test_boolean_parameter[config_with_expected4-General-StartupTraces-valid_values5] 
tests/test_config.py::test_boolean_parameter[config_with_expected5-General-CoreDumps-valid_values1] 
[gw2] [ 57%] PASSED tests/test_config.py::test_boolean_parameter[config_with_expected3-General-CoreDumps-valid_values1] 
tests/test_config.py::test_boolean_parameter[config_with_expected5-General-RevealSensitiveInfoInTraces-valid_values2] 
tests/test_config.py::test_boolean_parameter[config_with_expected5-General-AdditionalDNSLookup-valid_values0] 
[gw1] [ 58%] PASSED tests/test_config.py::test_boolean_parameter[config_with_expected4-General-UseFanotify-valid_values3] 
[gw9] [ 58%] PASSED tests/test_config.py::test_boolean_parameter[config_with_expected4-General-AdditionalDNSLookup-valid_values0] 
[gw8] [ 59%] PASSED tests/test_config.py::test_boolean_parameter[config_with_expected4-General-KsvlaMode-valid_values4] 
[gw7] [ 60%] PASSED tests/test_config.py::test_boolean_parameter[config_with_expected5-General-CoreDumps-valid_values1] 
[gw11] [ 61%] PASSED tests/test_config.py::test_boolean_parameter[config_with_expected4-General-RevealSensitiveInfoInTraces-valid_values2] 
tests/test_config.py::test_boolean_parameter[config_with_expected5-General-UseFanotify-valid_values3] 
[gw3] [ 62%] PASSED tests/test_config.py::test_boolean_parameter[config_with_expected4-General-StartupTraces-valid_values5] 
[gw0] [ 63%] PASSED tests/test_config.py::test_boolean_parameter[config_with_expected5-General-AdditionalDNSLookup-valid_values0] 
[gw5] [ 64%] PASSED tests/test_config.py::test_boolean_parameter[config_with_expected4-General-CoreDumps-valid_values1] 
[gw4] [ 64%] PASSED tests/test_config.py::test_boolean_parameter[config_with_expected5-General-UseFanotify-valid_values3] 
[gw6] [ 65%] PASSED tests/test_config.py::test_boolean_parameter[config_with_expected5-General-RevealSensitiveInfoInTraces-valid_values2] 
tests/test_config.py::test_boolean_parameter[config_with_expected4-General-PackageType-valid_values6] 
[gw10] [ 66%] PASSED tests/test_config.py::test_boolean_parameter[config_with_expected4-General-PackageType-valid_values6] 
tests/test_config.py::test_boolean_parameter[config_with_expected5-General-PackageType-valid_values6] 
tests/test_config.py::test_boolean_parameter[config_with_expected5-General-KsvlaMode-valid_values4] 
tests/test_config.py::test_integer_range_parameters[config_with_expected0-General-ExecEnvMax-10-100] 
tests/test_config.py::test_integer_range_parameters[config_with_expected0-General-ScanMemoryLimit-1024-8192] 
tests/test_config.py::test_integer_range_parameters[config_with_expected0-General-MaxInotifyWatches-1000-1000000] 
tests/test_config.py::test_integer_range_parameters[config_with_expected1-General-ScanMemoryLimit-1024-8192] 
tests/test_config.py::test_integer_range_parameters[config_with_expected0-General-MaxInotifyInstances-1024-8192] 
tests/test_config.py::test_boolean_parameter[config_with_expected5-General-StartupTraces-valid_values5] 
tests/test_config.py::test_integer_range_parameters[config_with_expected0-General-ExecArgMax-10-100] 
tests/test_config.py::test_integer_range_parameters[config_with_expected1-General-ExecEnvMax-10-100] 
[gw2] [ 67%] PASSED tests/test_config.py::test_boolean_parameter[config_with_expected5-General-KsvlaMode-valid_values4] 
[gw9] [ 68%] PASSED tests/test_config.py::test_boolean_parameter[config_with_expected5-General-PackageType-valid_values6] 
[gw3] [ 69%] PASSED tests/test_config.py::test_integer_range_parameters[config_with_expected0-General-MaxInotifyWatches-1000-1000000] 
[gw11] [ 70%] PASSED tests/test_config.py::test_integer_range_parameters[config_with_expected0-General-ScanMemoryLimit-1024-8192] 
tests/test_config.py::test_integer_range_parameters[config_with_expected1-General-ExecArgMax-10-100] 
[gw8] [ 70%] PASSED tests/test_config.py::test_integer_range_parameters[config_with_expected0-General-ExecEnvMax-10-100] 
tests/test_config.py::test_integer_range_parameters[config_with_expected1-General-MaxInotifyWatches-1000-1000000] 
[gw1] [ 71%] PASSED tests/test_config.py::test_integer_range_parameters[config_with_expected0-General-ExecArgMax-10-100] 
[gw0] [ 72%] PASSED tests/test_config.py::test_integer_range_parameters[config_with_expected1-General-ScanMemoryLimit-1024-8192] 
[gw5] [ 73%] PASSED tests/test_config.py::test_boolean_parameter[config_with_expected5-General-StartupTraces-valid_values5] 
tests/test_config.py::test_integer_range_parameters[config_with_expected0-Watchdog-PingInterval-100-10000] 
[gw7] [ 74%] PASSED tests/test_config.py::test_integer_range_parameters[config_with_expected0-General-MaxInotifyInstances-1024-8192] 
tests/test_config.py::test_integer_range_parameters[config_with_expected2-General-ScanMemoryLimit-1024-8192] 
[gw10] [ 75%] PASSED tests/test_config.py::test_integer_range_parameters[config_with_expected1-General-ExecArgMax-10-100] 
tests/test_config.py::test_integer_range_parameters[config_with_expected2-General-ExecArgMax-10-100] 
[gw4] [ 76%] PASSED tests/test_config.py::test_integer_range_parameters[config_with_expected1-General-ExecEnvMax-10-100] 
[gw6] [ 76%] PASSED tests/test_config.py::test_integer_range_parameters[config_with_expected0-Watchdog-PingInterval-100-10000] 
tests/test_config.py::test_integer_range_parameters[config_with_expected2-Watchdog-PingInterval-100-10000] 
tests/test_config.py::test_integer_range_parameters[config_with_expected1-Watchdog-PingInterval-100-10000] 
[gw11] [ 77%] PASSED tests/test_config.py::test_integer_range_parameters[config_with_expected2-General-ScanMemoryLimit-1024-8192] 
[gw9] [ 78%] PASSED tests/test_config.py::test_integer_range_parameters[config_with_expected1-General-MaxInotifyWatches-1000-1000000] 
[gw8] [ 79%] PASSED tests/test_config.py::test_integer_range_parameters[config_with_expected1-Watchdog-PingInterval-100-10000] 
[gw3] [ 80%] PASSED tests/test_config.py::test_integer_range_parameters[config_with_expected2-General-ExecArgMax-10-100] 
tests/test_config.py::test_integer_range_parameters[config_with_expected2-General-MaxInotifyInstances-1024-8192] 
[gw1] [ 81%] PASSED tests/test_config.py::test_integer_range_parameters[config_with_expected2-Watchdog-PingInterval-100-10000] 
tests/test_config.py::test_integer_range_parameters[config_with_expected1-General-MaxInotifyInstances-1024-8192] 
tests/test_config.py::test_integer_range_parameters[config_with_expected2-General-MaxInotifyWatches-1000-1000000] 
[gw5] [ 82%] PASSED tests/test_config.py::test_integer_range_parameters[config_with_expected2-General-MaxInotifyInstances-1024-8192] 
tests/test_config.py::test_integer_range_parameters[config_with_expected3-General-ExecEnvMax-10-100] 
tests/test_config.py::test_integer_range_parameters[config_with_expected3-General-ScanMemoryLimit-1024-8192] 
tests/test_config.py::test_integer_range_parameters[config_with_expected3-General-ExecArgMax-10-100] 
tests/test_config.py::test_integer_range_parameters[config_with_expected2-General-ExecEnvMax-10-100] 
tests/test_config.py::test_integer_range_parameters[config_with_expected3-General-MaxInotifyWatches-1000-1000000] 
[gw2] [ 82%] PASSED tests/test_config.py::test_integer_range_parameters[config_with_expected1-General-MaxInotifyInstances-1024-8192] 
tests/test_config.py::test_integer_range_parameters[config_with_expected3-Watchdog-PingInterval-100-10000] 
[gw7] [ 83%] PASSED tests/test_config.py::test_integer_range_parameters[config_with_expected2-General-MaxInotifyWatches-1000-1000000] 
[gw0] [ 84%] PASSED tests/test_config.py::test_integer_range_parameters[config_with_expected2-General-ExecEnvMax-10-100] 
tests/test_config.py::test_integer_range_parameters[config_with_expected4-General-ScanMemoryLimit-1024-8192] 
[gw4] [ 85%] PASSED tests/test_config.py::test_integer_range_parameters[config_with_expected3-General-ScanMemoryLimit-1024-8192] 
[gw6] [ 86%] PASSED tests/test_config.py::test_integer_range_parameters[config_with_expected3-General-ExecArgMax-10-100] 
tests/test_config.py::test_integer_range_parameters[config_with_expected3-General-MaxInotifyInstances-1024-8192] 
tests/test_config.py::test_integer_range_parameters[config_with_expected4-General-ExecEnvMax-10-100] 
tests/test_config.py::test_integer_range_parameters[config_with_expected4-General-ExecArgMax-10-100] 
[gw10] [ 87%] PASSED tests/test_config.py::test_integer_range_parameters[config_with_expected3-General-ExecEnvMax-10-100] 
tests/test_config.py::test_integer_range_parameters[config_with_expected5-General-ExecArgMax-10-100] 
tests/test_config.py::test_integer_range_parameters[config_with_expected4-General-MaxInotifyWatches-1000-1000000] 
tests/test_config.py::test_integer_range_parameters[config_with_expected4-General-MaxInotifyInstances-1024-8192] 
[gw3] [ 88%] PASSED tests/test_config.py::test_integer_range_parameters[config_with_expected3-General-MaxInotifyInstances-1024-8192] 
[gw11] [ 88%] PASSED tests/test_config.py::test_integer_range_parameters[config_with_expected3-Watchdog-PingInterval-100-10000] 
tests/test_config.py::test_integer_range_parameters[config_with_expected5-General-ScanMemoryLimit-1024-8192] 
[gw5] [ 89%] PASSED tests/test_config.py::test_integer_range_parameters[config_with_expected4-General-ExecEnvMax-10-100] 
[gw4] [ 90%] PASSED tests/test_config.py::test_integer_range_parameters[config_with_expected5-General-ScanMemoryLimit-1024-8192] 
[gw9] [ 91%] PASSED tests/test_config.py::test_integer_range_parameters[config_with_expected3-General-MaxInotifyWatches-1000-1000000] 
[gw6] [ 92%] PASSED tests/test_config.py::test_integer_range_parameters[config_with_expected5-General-ExecArgMax-10-100] 
[gw8] [ 93%] PASSED tests/test_config.py::test_integer_range_parameters[config_with_expected4-General-ScanMemoryLimit-1024-8192] 
[gw2] [ 94%] PASSED tests/test_config.py::test_integer_range_parameters[config_with_expected4-General-MaxInotifyWatches-1000-1000000] 
[gw7] [ 94%] PASSED tests/test_config.py::test_integer_range_parameters[config_with_expected4-General-MaxInotifyInstances-1024-8192] 
[gw1] [ 95%] PASSED tests/test_config.py::test_integer_range_parameters[config_with_expected4-General-ExecArgMax-10-100] 
tests/test_config.py::test_integer_range_parameters[config_with_expected5-General-MaxInotifyWatches-1000-1000000] 
tests/test_config.py::test_integer_range_parameters[config_with_expected5-General-ExecEnvMax-10-100] 
tests/test_config.py::test_integer_range_parameters[config_with_expected5-General-MaxInotifyInstances-1024-8192] 
tests/test_config.py::test_integer_range_parameters[config_with_expected5-Watchdog-PingInterval-100-10000] 
[gw11] [ 96%] PASSED tests/test_config.py::test_integer_range_parameters[config_with_expected5-General-MaxInotifyWatches-1000-1000000] 
tests/test_config.py::test_integer_range_parameters[config_with_expected4-Watchdog-PingInterval-100-10000] 
[gw0] [ 97%] PASSED tests/test_config.py::test_integer_range_parameters[config_with_expected5-General-ExecEnvMax-10-100] 
[gw8] [ 98%] PASSED tests/test_config.py::test_integer_range_parameters[config_with_expected5-Watchdog-PingInterval-100-10000] 
[gw9] [ 99%] PASSED tests/test_config.py::test_integer_range_parameters[config_with_expected5-General-MaxInotifyInstances-1024-8192] 
[gw10] [100%] PASSED tests/test_config.py::test_integer_range_parameters[config_with_expected4-Watchdog-PingInterval-100-10000] 

================================== FAILURES ===================================
________ test_parameter[config_with_expected0-is_valid_CoreDumpsPath] _________
[gw1] win32 -- Python 3.12.10 D:\git\kaspersky-config-test\venv\Scripts\python.exe
tests\test_config.py:69: in test_parameter
    assert (
E   AssertionError: [is_valid_CoreDumpsPath] Результат: False, Ожидалось: True. Детали: CoreDumpsPath не существует или не является директорией: '/mnt/d/git/kaspersky-config-test/framework'
E   assert False == True
=============================== tests coverage ================================
______________ coverage: platform win32, python 3.12.10-final-0 _______________

Coverage HTML written to dir coverage_html_report
=========================== short test summary info ===========================
FAILED tests/test_config.py::test_parameter[config_with_expected0-is_valid_CoreDumpsPath]
======================== 1 failed, 116 passed in 3.47s ========================
